<?xml version="1.0" encoding="UTF-8"?>
<!-- Generated by org.testng.reporters.JUnitReportReporter -->
<testsuite hostname="MinaEssam1994" name="greyTesting.SignMeUp" tests="1" failures="0" timestamp="17 Apr 2016 20:44:00 GMT" time="126.571" errors="0">
  <testcase name="run" time="126.571" classname="greyTesting.SignMeUp"/>
</testsuite> <!-- greyTesting.SignMeUp -->
