<?xml version="1.0" encoding="UTF-8"?>
<!-- Generated by org.testng.reporters.JUnitReportReporter -->
<testsuite hostname="Lobna-PC" name="greyTesting.SignMeUp" tests="1" failures="0" timestamp="17 Apr 2016 14:42:24 GMT" time="44.719" errors="0">
  <testcase name="run" time="44.719" classname="greyTesting.SignMeUp"/>
</testsuite> <!-- greyTesting.SignMeUp -->
