<?xml version="1.0" encoding="UTF-8"?>
<!-- Generated by org.testng.reporters.JUnitReportReporter -->
<testsuite hostname="Lobna-PC" name="washingtonposttest.LiveChat" tests="1" failures="0" timestamp="17 Apr 2016 15:09:34 GMT" time="42.378" errors="0">
  <testcase name="main" time="42.378" classname="washingtonposttest.LiveChat"/>
</testsuite> <!-- washingtonposttest.LiveChat -->
