<?xml version="1.0" encoding="UTF-8"?>
<!-- Generated by org.testng.reporters.JUnitReportReporter -->
<testsuite hostname="Lobna-PC" name="washingtonposttest.JobAlert" tests="1" failures="0" timestamp="17 Apr 2016 17:54:34 GMT" time="37.126" errors="0">
  <testcase name="JobAlertMain" time="37.126" classname="washingtonposttest.JobAlert"/>
</testsuite> <!-- washingtonposttest.JobAlert -->
